<?xml version="1.0" encoding="UTF-8"?>
<!-- Generated by org.testng.reporters.JUnitReportReporter -->
<testsuite hostname="DESKTOP-FVVFBM2" failures="0" tests="1" name="com.qa.testcases.BrowserUrl" time="97.023" errors="0" timestamp="2024-02-14T10:57:16 IST" skipped="0">
  <testcase classname="com.qa.testcases.BrowserUrl" name="linkTest" time="97.023"/>
</testsuite> <!-- com.qa.testcases.BrowserUrl -->
